[2020-11-09 22:27:27] app.INFO: Protect vendor folder in module contactform [] []
[2020-11-09 22:27:27] app.INFO: Module contactform has no vendor folder [] []
[2020-11-09 22:27:27] app.INFO: Protect vendor folder in module dashactivity [] []
[2020-11-09 22:27:27] app.INFO: Module dashactivity has no vendor folder [] []
[2020-11-09 22:27:27] app.INFO: Protect vendor folder in module dashtrends [] []
[2020-11-09 22:27:27] app.INFO: Module dashtrends has no vendor folder [] []
[2020-11-09 22:27:27] app.INFO: Protect vendor folder in module dashgoals [] []
[2020-11-09 22:27:27] app.INFO: Module dashgoals has no vendor folder [] []
[2020-11-09 22:27:27] app.INFO: Protect vendor folder in module dashproducts [] []
[2020-11-09 22:27:27] app.INFO: Module dashproducts has no vendor folder [] []
[2020-11-09 22:27:27] app.INFO: Protect vendor folder in module graphnvd3 [] []
[2020-11-09 22:27:27] app.INFO: Module graphnvd3 has no vendor folder [] []
[2020-11-09 22:27:27] app.INFO: Protect vendor folder in module gridhtml [] []
[2020-11-09 22:27:27] app.INFO: Module gridhtml has no vendor folder [] []
[2020-11-09 22:27:27] app.INFO: Protect vendor folder in module gsitemap [] []
[2020-11-09 22:27:27] app.INFO: Module gsitemap has no vendor folder [] []
[2020-11-09 22:27:27] app.INFO: Protect vendor folder in module ps_banner [] []
[2020-11-09 22:27:27] app.INFO: Module ps_banner has no vendor folder [] []
[2020-11-09 22:27:27] app.INFO: Protect vendor folder in module ps_categorytree [] []
[2020-11-09 22:27:27] app.INFO: Module ps_categorytree has no vendor folder [] []
[2020-11-09 22:27:27] app.INFO: Protect vendor folder in module ps_checkpayment [] []
[2020-11-09 22:27:27] app.INFO: Module ps_checkpayment has no vendor folder [] []
[2020-11-09 22:27:27] app.INFO: Protect vendor folder in module ps_contactinfo [] []
[2020-11-09 22:27:27] app.INFO: Module ps_contactinfo has no vendor folder [] []
[2020-11-09 22:27:27] app.INFO: Protect vendor folder in module ps_currencyselector [] []
[2020-11-09 22:27:27] app.INFO: Module ps_currencyselector has no vendor folder [] []
[2020-11-09 22:27:27] app.INFO: Protect vendor folder in module ps_customeraccountlinks [] []
[2020-11-09 22:27:27] app.INFO: Module ps_customeraccountlinks has no vendor folder [] []
[2020-11-09 22:27:27] app.INFO: Protect vendor folder in module ps_customersignin [] []
[2020-11-09 22:27:27] app.INFO: Module ps_customersignin has no vendor folder [] []
[2020-11-09 22:27:27] app.INFO: Protect vendor folder in module ps_customtext [] []
[2020-11-09 22:27:27] app.INFO: Module ps_customtext has no vendor folder [] []
[2020-11-09 22:27:28] app.INFO: Protect vendor folder in module ps_emailsubscription [] []
[2020-11-09 22:27:28] app.INFO: Module ps_emailsubscription has no vendor folder [] []
[2020-11-09 22:27:28] app.INFO: Protect vendor folder in module ps_facetedsearch [] []
[2020-11-09 22:27:28] app.INFO: Module ps_facetedsearch has no vendor folder [] []
[2020-11-09 22:27:28] app.INFO: Protect vendor folder in module ps_faviconnotificationbo [] []
[2020-11-09 22:27:28] app.INFO: Module ps_faviconnotificationbo has no vendor folder [] []
[2020-11-09 22:27:28] app.INFO: Protect vendor folder in module ps_featuredproducts [] []
[2020-11-09 22:27:28] app.INFO: Module ps_featuredproducts has no vendor folder [] []
[2020-11-09 22:27:28] app.INFO: Protect vendor folder in module ps_imageslider [] []
[2020-11-09 22:27:28] app.INFO: Module ps_imageslider has no vendor folder [] []
[2020-11-09 22:27:28] app.INFO: Protect vendor folder in module ps_languageselector [] []
[2020-11-09 22:27:28] app.INFO: Module ps_languageselector has no vendor folder [] []
[2020-11-09 22:27:28] app.INFO: Protect vendor folder in module ps_linklist [] []
[2020-11-09 22:27:28] app.INFO: Module ps_linklist has no vendor folder [] []
[2020-11-09 22:27:28] app.ERROR: Class "AdminLinkWidgetController" not found in controllers/admin [] []
[2020-11-09 22:27:28] app.INFO: Protect vendor folder in module ps_mainmenu [] []
[2020-11-09 22:27:28] app.INFO: Module ps_mainmenu has no vendor folder [] []
[2020-11-09 22:27:29] app.INFO: Protect vendor folder in module ps_searchbar [] []
[2020-11-09 22:27:29] app.INFO: Module ps_searchbar has no vendor folder [] []
[2020-11-09 22:27:29] app.INFO: Protect vendor folder in module ps_sharebuttons [] []
[2020-11-09 22:27:29] app.INFO: Module ps_sharebuttons has no vendor folder [] []
[2020-11-09 22:27:29] app.INFO: Protect vendor folder in module ps_shoppingcart [] []
[2020-11-09 22:27:29] app.INFO: Module ps_shoppingcart has no vendor folder [] []
[2020-11-09 22:27:29] app.INFO: Protect vendor folder in module ps_socialfollow [] []
[2020-11-09 22:27:29] app.INFO: Module ps_socialfollow has no vendor folder [] []
[2020-11-09 22:27:29] app.INFO: Protect vendor folder in module ps_themecusto [] []
[2020-11-09 22:27:29] app.INFO: Module ps_themecusto has no vendor folder [] []
[2020-11-09 22:27:29] app.INFO: Protect vendor folder in module ps_wirepayment [] []
[2020-11-09 22:27:29] app.INFO: Module ps_wirepayment has no vendor folder [] []
[2020-11-09 22:27:29] app.INFO: Protect vendor folder in module pagesnotfound [] []
[2020-11-09 22:27:29] app.INFO: Module pagesnotfound has no vendor folder [] []
[2020-11-09 22:27:29] app.INFO: Protect vendor folder in module sekeywords [] []
[2020-11-09 22:27:29] app.INFO: Module sekeywords has no vendor folder [] []
[2020-11-09 22:27:29] app.INFO: Protect vendor folder in module statsbestcategories [] []
[2020-11-09 22:27:29] app.INFO: Module statsbestcategories has no vendor folder [] []
[2020-11-09 22:27:29] app.INFO: Protect vendor folder in module statsbestcustomers [] []
[2020-11-09 22:27:29] app.INFO: Module statsbestcustomers has no vendor folder [] []
[2020-11-09 22:27:29] app.INFO: Protect vendor folder in module statsbestproducts [] []
[2020-11-09 22:27:29] app.INFO: Module statsbestproducts has no vendor folder [] []
[2020-11-09 22:27:29] app.INFO: Protect vendor folder in module statsbestsuppliers [] []
[2020-11-09 22:27:29] app.INFO: Module statsbestsuppliers has no vendor folder [] []
[2020-11-09 22:27:29] app.INFO: Protect vendor folder in module statsbestvouchers [] []
[2020-11-09 22:27:29] app.INFO: Module statsbestvouchers has no vendor folder [] []
[2020-11-09 22:27:29] app.INFO: Protect vendor folder in module statscarrier [] []
[2020-11-09 22:27:29] app.INFO: Module statscarrier has no vendor folder [] []
[2020-11-09 22:27:29] app.INFO: Protect vendor folder in module statscatalog [] []
[2020-11-09 22:27:29] app.INFO: Module statscatalog has no vendor folder [] []
[2020-11-09 22:27:29] app.INFO: Protect vendor folder in module statscheckup [] []
[2020-11-09 22:27:29] app.INFO: Module statscheckup has no vendor folder [] []
[2020-11-09 22:27:29] app.INFO: Protect vendor folder in module statsdata [] []
[2020-11-09 22:27:29] app.INFO: Module statsdata has no vendor folder [] []
[2020-11-09 22:27:29] app.INFO: Protect vendor folder in module statsequipment [] []
[2020-11-09 22:27:29] app.INFO: Module statsequipment has no vendor folder [] []
[2020-11-09 22:27:29] app.INFO: Protect vendor folder in module statsforecast [] []
[2020-11-09 22:27:29] app.INFO: Module statsforecast has no vendor folder [] []
[2020-11-09 22:27:29] app.INFO: Protect vendor folder in module statslive [] []
[2020-11-09 22:27:29] app.INFO: Module statslive has no vendor folder [] []
[2020-11-09 22:27:29] app.INFO: Protect vendor folder in module statsnewsletter [] []
[2020-11-09 22:27:29] app.INFO: Module statsnewsletter has no vendor folder [] []
[2020-11-09 22:27:29] app.INFO: Protect vendor folder in module statsorigin [] []
[2020-11-09 22:27:29] app.INFO: Module statsorigin has no vendor folder [] []
[2020-11-09 22:27:29] app.INFO: Protect vendor folder in module statspersonalinfos [] []
[2020-11-09 22:27:29] app.INFO: Module statspersonalinfos has no vendor folder [] []
[2020-11-09 22:27:29] app.INFO: Protect vendor folder in module statsproduct [] []
[2020-11-09 22:27:29] app.INFO: Module statsproduct has no vendor folder [] []
[2020-11-09 22:27:29] app.INFO: Protect vendor folder in module statsregistrations [] []
[2020-11-09 22:27:29] app.INFO: Module statsregistrations has no vendor folder [] []
[2020-11-09 22:27:29] app.INFO: Protect vendor folder in module statssales [] []
[2020-11-09 22:27:29] app.INFO: Module statssales has no vendor folder [] []
[2020-11-09 22:27:29] app.INFO: Protect vendor folder in module statssearch [] []
[2020-11-09 22:27:29] app.INFO: Module statssearch has no vendor folder [] []
[2020-11-09 22:27:29] app.INFO: Protect vendor folder in module statsstock [] []
[2020-11-09 22:27:29] app.INFO: Module statsstock has no vendor folder [] []
[2020-11-09 22:27:30] app.INFO: Protect vendor folder in module statsvisits [] []
[2020-11-09 22:27:30] app.INFO: Module statsvisits has no vendor folder [] []
[2020-11-09 22:27:30] app.INFO: Protect vendor folder in module welcome [] []
[2020-11-09 22:27:30] app.INFO: Exporting mail with theme modern for language Polski (Polish) [] []
[2020-11-09 22:27:30] app.INFO: Core output folder: /var/www/html/mails [] []
[2020-11-09 22:27:30] app.INFO: Modules output folder: /var/www/html/modules/ [] []
[2020-11-10 22:53:57] request.ERROR: Uncaught PHP Exception Symfony\Component\HttpKernel\Exception\MethodNotAllowedHttpException: "No route found for "OPTIONS /common/notifications": Method Not Allowed (Allow: POST)" at /var/www/html/vendor/symfony/symfony/src/Symfony/Component/HttpKernel/EventListener/RouterListener.php line 143 {"exception":"[object] (Symfony\\Component\\HttpKernel\\Exception\\MethodNotAllowedHttpException(code: 0): No route found for \"OPTIONS /common/notifications\": Method Not Allowed (Allow: POST) at /var/www/html/vendor/symfony/symfony/src/Symfony/Component/HttpKernel/EventListener/RouterListener.php:143, Symfony\\Component\\Routing\\Exception\\MethodNotAllowedException(code: 0):  at /var/www/html/var/cache/prod/appProdProjectContainerUrlMatcher.php:4775)"} []
[2020-11-10 22:53:57] request.ERROR: Uncaught PHP Exception Symfony\Component\HttpKernel\Exception\MethodNotAllowedHttpException: "No route found for "OPTIONS /common/notifications": Method Not Allowed (Allow: POST)" at /var/www/html/vendor/symfony/symfony/src/Symfony/Component/HttpKernel/EventListener/RouterListener.php line 143 {"exception":"[object] (Symfony\\Component\\HttpKernel\\Exception\\MethodNotAllowedHttpException(code: 0): No route found for \"OPTIONS /common/notifications\": Method Not Allowed (Allow: POST) at /var/www/html/vendor/symfony/symfony/src/Symfony/Component/HttpKernel/EventListener/RouterListener.php:143, Symfony\\Component\\Routing\\Exception\\MethodNotAllowedException(code: 0):  at /var/www/html/var/cache/prod/appProdProjectContainerUrlMatcher.php:4775)"} []
[2020-11-10 22:54:22] request.ERROR: Uncaught PHP Exception Symfony\Component\HttpKernel\Exception\MethodNotAllowedHttpException: "No route found for "OPTIONS /common/notifications": Method Not Allowed (Allow: POST)" at /var/www/html/vendor/symfony/symfony/src/Symfony/Component/HttpKernel/EventListener/RouterListener.php line 143 {"exception":"[object] (Symfony\\Component\\HttpKernel\\Exception\\MethodNotAllowedHttpException(code: 0): No route found for \"OPTIONS /common/notifications\": Method Not Allowed (Allow: POST) at /var/www/html/vendor/symfony/symfony/src/Symfony/Component/HttpKernel/EventListener/RouterListener.php:143, Symfony\\Component\\Routing\\Exception\\MethodNotAllowedException(code: 0):  at /var/www/html/var/cache/prod/appProdProjectContainerUrlMatcher.php:4775)"} []
[2020-11-10 22:54:22] request.ERROR: Uncaught PHP Exception Symfony\Component\HttpKernel\Exception\MethodNotAllowedHttpException: "No route found for "OPTIONS /common/notifications": Method Not Allowed (Allow: POST)" at /var/www/html/vendor/symfony/symfony/src/Symfony/Component/HttpKernel/EventListener/RouterListener.php line 143 {"exception":"[object] (Symfony\\Component\\HttpKernel\\Exception\\MethodNotAllowedHttpException(code: 0): No route found for \"OPTIONS /common/notifications\": Method Not Allowed (Allow: POST) at /var/www/html/vendor/symfony/symfony/src/Symfony/Component/HttpKernel/EventListener/RouterListener.php:143, Symfony\\Component\\Routing\\Exception\\MethodNotAllowedException(code: 0):  at /var/www/html/var/cache/prod/appProdProjectContainerUrlMatcher.php:4775)"} []
[2020-11-10 22:55:31] request.ERROR: Uncaught PHP Exception Symfony\Component\HttpKernel\Exception\MethodNotAllowedHttpException: "No route found for "OPTIONS /common/notifications": Method Not Allowed (Allow: POST)" at /var/www/html/vendor/symfony/symfony/src/Symfony/Component/HttpKernel/EventListener/RouterListener.php line 143 {"exception":"[object] (Symfony\\Component\\HttpKernel\\Exception\\MethodNotAllowedHttpException(code: 0): No route found for \"OPTIONS /common/notifications\": Method Not Allowed (Allow: POST) at /var/www/html/vendor/symfony/symfony/src/Symfony/Component/HttpKernel/EventListener/RouterListener.php:143, Symfony\\Component\\Routing\\Exception\\MethodNotAllowedException(code: 0):  at /var/www/html/var/cache/prod/appProdProjectContainerUrlMatcher.php:4775)"} []
[2020-11-10 22:55:31] request.ERROR: Uncaught PHP Exception Symfony\Component\HttpKernel\Exception\MethodNotAllowedHttpException: "No route found for "OPTIONS /common/notifications": Method Not Allowed (Allow: POST)" at /var/www/html/vendor/symfony/symfony/src/Symfony/Component/HttpKernel/EventListener/RouterListener.php line 143 {"exception":"[object] (Symfony\\Component\\HttpKernel\\Exception\\MethodNotAllowedHttpException(code: 0): No route found for \"OPTIONS /common/notifications\": Method Not Allowed (Allow: POST) at /var/www/html/vendor/symfony/symfony/src/Symfony/Component/HttpKernel/EventListener/RouterListener.php:143, Symfony\\Component\\Routing\\Exception\\MethodNotAllowedException(code: 0):  at /var/www/html/var/cache/prod/appProdProjectContainerUrlMatcher.php:4775)"} []
[2020-11-10 22:55:37] request.ERROR: Uncaught PHP Exception Symfony\Component\HttpKernel\Exception\MethodNotAllowedHttpException: "No route found for "OPTIONS /common/notifications": Method Not Allowed (Allow: POST)" at /var/www/html/vendor/symfony/symfony/src/Symfony/Component/HttpKernel/EventListener/RouterListener.php line 143 {"exception":"[object] (Symfony\\Component\\HttpKernel\\Exception\\MethodNotAllowedHttpException(code: 0): No route found for \"OPTIONS /common/notifications\": Method Not Allowed (Allow: POST) at /var/www/html/vendor/symfony/symfony/src/Symfony/Component/HttpKernel/EventListener/RouterListener.php:143, Symfony\\Component\\Routing\\Exception\\MethodNotAllowedException(code: 0):  at /var/www/html/var/cache/prod/appProdProjectContainerUrlMatcher.php:4775)"} []
[2020-11-10 22:55:38] request.ERROR: Uncaught PHP Exception Symfony\Component\HttpKernel\Exception\MethodNotAllowedHttpException: "No route found for "OPTIONS /common/notifications": Method Not Allowed (Allow: POST)" at /var/www/html/vendor/symfony/symfony/src/Symfony/Component/HttpKernel/EventListener/RouterListener.php line 143 {"exception":"[object] (Symfony\\Component\\HttpKernel\\Exception\\MethodNotAllowedHttpException(code: 0): No route found for \"OPTIONS /common/notifications\": Method Not Allowed (Allow: POST) at /var/www/html/vendor/symfony/symfony/src/Symfony/Component/HttpKernel/EventListener/RouterListener.php:143, Symfony\\Component\\Routing\\Exception\\MethodNotAllowedException(code: 0):  at /var/www/html/var/cache/prod/appProdProjectContainerUrlMatcher.php:4775)"} []
[2020-11-10 22:55:42] request.ERROR: Uncaught PHP Exception Symfony\Component\HttpKernel\Exception\MethodNotAllowedHttpException: "No route found for "OPTIONS /common/notifications": Method Not Allowed (Allow: POST)" at /var/www/html/vendor/symfony/symfony/src/Symfony/Component/HttpKernel/EventListener/RouterListener.php line 143 {"exception":"[object] (Symfony\\Component\\HttpKernel\\Exception\\MethodNotAllowedHttpException(code: 0): No route found for \"OPTIONS /common/notifications\": Method Not Allowed (Allow: POST) at /var/www/html/vendor/symfony/symfony/src/Symfony/Component/HttpKernel/EventListener/RouterListener.php:143, Symfony\\Component\\Routing\\Exception\\MethodNotAllowedException(code: 0):  at /var/www/html/var/cache/prod/appProdProjectContainerUrlMatcher.php:4775)"} []
[2020-11-10 22:55:42] request.ERROR: Uncaught PHP Exception Symfony\Component\HttpKernel\Exception\MethodNotAllowedHttpException: "No route found for "OPTIONS /common/notifications": Method Not Allowed (Allow: POST)" at /var/www/html/vendor/symfony/symfony/src/Symfony/Component/HttpKernel/EventListener/RouterListener.php line 143 {"exception":"[object] (Symfony\\Component\\HttpKernel\\Exception\\MethodNotAllowedHttpException(code: 0): No route found for \"OPTIONS /common/notifications\": Method Not Allowed (Allow: POST) at /var/www/html/vendor/symfony/symfony/src/Symfony/Component/HttpKernel/EventListener/RouterListener.php:143, Symfony\\Component\\Routing\\Exception\\MethodNotAllowedException(code: 0):  at /var/www/html/var/cache/prod/appProdProjectContainerUrlMatcher.php:4775)"} []
[2020-11-11 16:44:35] request.ERROR: Uncaught PHP Exception Symfony\Component\HttpKernel\Exception\MethodNotAllowedHttpException: "No route found for "OPTIONS /common/notifications": Method Not Allowed (Allow: POST)" at /var/www/html/vendor/symfony/symfony/src/Symfony/Component/HttpKernel/EventListener/RouterListener.php line 143 {"exception":"[object] (Symfony\\Component\\HttpKernel\\Exception\\MethodNotAllowedHttpException(code: 0): No route found for \"OPTIONS /common/notifications\": Method Not Allowed (Allow: POST) at /var/www/html/vendor/symfony/symfony/src/Symfony/Component/HttpKernel/EventListener/RouterListener.php:143, Symfony\\Component\\Routing\\Exception\\MethodNotAllowedException(code: 0):  at /var/www/html/var/cache/prod/appProdProjectContainerUrlMatcher.php:4775)"} []
[2020-11-11 16:44:35] request.ERROR: Uncaught PHP Exception Symfony\Component\HttpKernel\Exception\MethodNotAllowedHttpException: "No route found for "OPTIONS /common/notifications": Method Not Allowed (Allow: POST)" at /var/www/html/vendor/symfony/symfony/src/Symfony/Component/HttpKernel/EventListener/RouterListener.php line 143 {"exception":"[object] (Symfony\\Component\\HttpKernel\\Exception\\MethodNotAllowedHttpException(code: 0): No route found for \"OPTIONS /common/notifications\": Method Not Allowed (Allow: POST) at /var/www/html/vendor/symfony/symfony/src/Symfony/Component/HttpKernel/EventListener/RouterListener.php:143, Symfony\\Component\\Routing\\Exception\\MethodNotAllowedException(code: 0):  at /var/www/html/var/cache/prod/appProdProjectContainerUrlMatcher.php:4775)"} []
[2020-11-11 16:44:55] request.ERROR: Uncaught PHP Exception Symfony\Component\HttpKernel\Exception\MethodNotAllowedHttpException: "No route found for "OPTIONS /common/notifications": Method Not Allowed (Allow: POST)" at /var/www/html/vendor/symfony/symfony/src/Symfony/Component/HttpKernel/EventListener/RouterListener.php line 143 {"exception":"[object] (Symfony\\Component\\HttpKernel\\Exception\\MethodNotAllowedHttpException(code: 0): No route found for \"OPTIONS /common/notifications\": Method Not Allowed (Allow: POST) at /var/www/html/vendor/symfony/symfony/src/Symfony/Component/HttpKernel/EventListener/RouterListener.php:143, Symfony\\Component\\Routing\\Exception\\MethodNotAllowedException(code: 0):  at /var/www/html/var/cache/prod/appProdProjectContainerUrlMatcher.php:4775)"} []
[2020-11-11 16:44:56] request.ERROR: Uncaught PHP Exception Symfony\Component\HttpKernel\Exception\MethodNotAllowedHttpException: "No route found for "OPTIONS /common/notifications": Method Not Allowed (Allow: POST)" at /var/www/html/vendor/symfony/symfony/src/Symfony/Component/HttpKernel/EventListener/RouterListener.php line 143 {"exception":"[object] (Symfony\\Component\\HttpKernel\\Exception\\MethodNotAllowedHttpException(code: 0): No route found for \"OPTIONS /common/notifications\": Method Not Allowed (Allow: POST) at /var/www/html/vendor/symfony/symfony/src/Symfony/Component/HttpKernel/EventListener/RouterListener.php:143, Symfony\\Component\\Routing\\Exception\\MethodNotAllowedException(code: 0):  at /var/www/html/var/cache/prod/appProdProjectContainerUrlMatcher.php:4775)"} []
[2020-11-11 17:34:15] request.ERROR: Uncaught PHP Exception Symfony\Component\HttpKernel\Exception\MethodNotAllowedHttpException: "No route found for "OPTIONS /common/notifications": Method Not Allowed (Allow: POST)" at /var/www/html/vendor/symfony/symfony/src/Symfony/Component/HttpKernel/EventListener/RouterListener.php line 143 {"exception":"[object] (Symfony\\Component\\HttpKernel\\Exception\\MethodNotAllowedHttpException(code: 0): No route found for \"OPTIONS /common/notifications\": Method Not Allowed (Allow: POST) at /var/www/html/vendor/symfony/symfony/src/Symfony/Component/HttpKernel/EventListener/RouterListener.php:143, Symfony\\Component\\Routing\\Exception\\MethodNotAllowedException(code: 0):  at /var/www/html/var/cache/prod/appProdProjectContainerUrlMatcher.php:4775)"} []
[2020-11-11 17:34:15] request.ERROR: Uncaught PHP Exception Symfony\Component\HttpKernel\Exception\MethodNotAllowedHttpException: "No route found for "OPTIONS /common/notifications": Method Not Allowed (Allow: POST)" at /var/www/html/vendor/symfony/symfony/src/Symfony/Component/HttpKernel/EventListener/RouterListener.php line 143 {"exception":"[object] (Symfony\\Component\\HttpKernel\\Exception\\MethodNotAllowedHttpException(code: 0): No route found for \"OPTIONS /common/notifications\": Method Not Allowed (Allow: POST) at /var/www/html/vendor/symfony/symfony/src/Symfony/Component/HttpKernel/EventListener/RouterListener.php:143, Symfony\\Component\\Routing\\Exception\\MethodNotAllowedException(code: 0):  at /var/www/html/var/cache/prod/appProdProjectContainerUrlMatcher.php:4775)"} []
[2020-11-11 22:37:10] request.ERROR: Uncaught PHP Exception Symfony\Component\HttpKernel\Exception\MethodNotAllowedHttpException: "No route found for "OPTIONS /common/notifications": Method Not Allowed (Allow: POST)" at /var/www/html/vendor/symfony/symfony/src/Symfony/Component/HttpKernel/EventListener/RouterListener.php line 143 {"exception":"[object] (Symfony\\Component\\HttpKernel\\Exception\\MethodNotAllowedHttpException(code: 0): No route found for \"OPTIONS /common/notifications\": Method Not Allowed (Allow: POST) at /var/www/html/vendor/symfony/symfony/src/Symfony/Component/HttpKernel/EventListener/RouterListener.php:143, Symfony\\Component\\Routing\\Exception\\MethodNotAllowedException(code: 0):  at /var/www/html/var/cache/prod/appProdProjectContainerUrlMatcher.php:4775)"} []
[2020-11-11 22:37:10] request.ERROR: Uncaught PHP Exception Symfony\Component\HttpKernel\Exception\MethodNotAllowedHttpException: "No route found for "OPTIONS /common/notifications": Method Not Allowed (Allow: POST)" at /var/www/html/vendor/symfony/symfony/src/Symfony/Component/HttpKernel/EventListener/RouterListener.php line 143 {"exception":"[object] (Symfony\\Component\\HttpKernel\\Exception\\MethodNotAllowedHttpException(code: 0): No route found for \"OPTIONS /common/notifications\": Method Not Allowed (Allow: POST) at /var/www/html/vendor/symfony/symfony/src/Symfony/Component/HttpKernel/EventListener/RouterListener.php:143, Symfony\\Component\\Routing\\Exception\\MethodNotAllowedException(code: 0):  at /var/www/html/var/cache/prod/appProdProjectContainerUrlMatcher.php:4775)"} []
[2020-11-12 14:05:14] request.ERROR: Uncaught PHP Exception Symfony\Component\HttpKernel\Exception\MethodNotAllowedHttpException: "No route found for "OPTIONS /common/notifications": Method Not Allowed (Allow: POST)" at /var/www/html/vendor/symfony/symfony/src/Symfony/Component/HttpKernel/EventListener/RouterListener.php line 143 {"exception":"[object] (Symfony\\Component\\HttpKernel\\Exception\\MethodNotAllowedHttpException(code: 0): No route found for \"OPTIONS /common/notifications\": Method Not Allowed (Allow: POST) at /var/www/html/vendor/symfony/symfony/src/Symfony/Component/HttpKernel/EventListener/RouterListener.php:143, Symfony\\Component\\Routing\\Exception\\MethodNotAllowedException(code: 0):  at /var/www/html/var/cache/prod/appProdProjectContainerUrlMatcher.php:4775)"} []
[2020-11-12 14:05:14] request.ERROR: Uncaught PHP Exception Symfony\Component\HttpKernel\Exception\MethodNotAllowedHttpException: "No route found for "OPTIONS /common/notifications": Method Not Allowed (Allow: POST)" at /var/www/html/vendor/symfony/symfony/src/Symfony/Component/HttpKernel/EventListener/RouterListener.php line 143 {"exception":"[object] (Symfony\\Component\\HttpKernel\\Exception\\MethodNotAllowedHttpException(code: 0): No route found for \"OPTIONS /common/notifications\": Method Not Allowed (Allow: POST) at /var/www/html/vendor/symfony/symfony/src/Symfony/Component/HttpKernel/EventListener/RouterListener.php:143, Symfony\\Component\\Routing\\Exception\\MethodNotAllowedException(code: 0):  at /var/www/html/var/cache/prod/appProdProjectContainerUrlMatcher.php:4775)"} []
[2020-11-12 14:07:14] request.ERROR: Uncaught PHP Exception Symfony\Component\HttpKernel\Exception\MethodNotAllowedHttpException: "No route found for "OPTIONS /common/notifications": Method Not Allowed (Allow: POST)" at /var/www/html/vendor/symfony/symfony/src/Symfony/Component/HttpKernel/EventListener/RouterListener.php line 143 {"exception":"[object] (Symfony\\Component\\HttpKernel\\Exception\\MethodNotAllowedHttpException(code: 0): No route found for \"OPTIONS /common/notifications\": Method Not Allowed (Allow: POST) at /var/www/html/vendor/symfony/symfony/src/Symfony/Component/HttpKernel/EventListener/RouterListener.php:143, Symfony\\Component\\Routing\\Exception\\MethodNotAllowedException(code: 0):  at /var/www/html/var/cache/prod/appProdProjectContainerUrlMatcher.php:4775)"} []
[2020-11-12 14:07:14] request.ERROR: Uncaught PHP Exception Symfony\Component\HttpKernel\Exception\MethodNotAllowedHttpException: "No route found for "OPTIONS /common/notifications": Method Not Allowed (Allow: POST)" at /var/www/html/vendor/symfony/symfony/src/Symfony/Component/HttpKernel/EventListener/RouterListener.php line 143 {"exception":"[object] (Symfony\\Component\\HttpKernel\\Exception\\MethodNotAllowedHttpException(code: 0): No route found for \"OPTIONS /common/notifications\": Method Not Allowed (Allow: POST) at /var/www/html/vendor/symfony/symfony/src/Symfony/Component/HttpKernel/EventListener/RouterListener.php:143, Symfony\\Component\\Routing\\Exception\\MethodNotAllowedException(code: 0):  at /var/www/html/var/cache/prod/appProdProjectContainerUrlMatcher.php:4775)"} []
[2020-11-12 19:06:49] request.ERROR: Uncaught PHP Exception Symfony\Component\HttpKernel\Exception\MethodNotAllowedHttpException: "No route found for "OPTIONS /common/notifications": Method Not Allowed (Allow: POST)" at /var/www/html/vendor/symfony/symfony/src/Symfony/Component/HttpKernel/EventListener/RouterListener.php line 143 {"exception":"[object] (Symfony\\Component\\HttpKernel\\Exception\\MethodNotAllowedHttpException(code: 0): No route found for \"OPTIONS /common/notifications\": Method Not Allowed (Allow: POST) at /var/www/html/vendor/symfony/symfony/src/Symfony/Component/HttpKernel/EventListener/RouterListener.php:143, Symfony\\Component\\Routing\\Exception\\MethodNotAllowedException(code: 0):  at /var/www/html/var/cache/prod/appProdProjectContainerUrlMatcher.php:4775)"} []
[2020-11-12 19:06:49] request.ERROR: Uncaught PHP Exception Symfony\Component\HttpKernel\Exception\MethodNotAllowedHttpException: "No route found for "OPTIONS /common/notifications": Method Not Allowed (Allow: POST)" at /var/www/html/vendor/symfony/symfony/src/Symfony/Component/HttpKernel/EventListener/RouterListener.php line 143 {"exception":"[object] (Symfony\\Component\\HttpKernel\\Exception\\MethodNotAllowedHttpException(code: 0): No route found for \"OPTIONS /common/notifications\": Method Not Allowed (Allow: POST) at /var/www/html/vendor/symfony/symfony/src/Symfony/Component/HttpKernel/EventListener/RouterListener.php:143, Symfony\\Component\\Routing\\Exception\\MethodNotAllowedException(code: 0):  at /var/www/html/var/cache/prod/appProdProjectContainerUrlMatcher.php:4775)"} []
[2020-11-12 23:28:57] request.ERROR: Uncaught PHP Exception Symfony\Component\HttpKernel\Exception\MethodNotAllowedHttpException: "No route found for "OPTIONS /common/notifications": Method Not Allowed (Allow: POST)" at /var/www/html/vendor/symfony/symfony/src/Symfony/Component/HttpKernel/EventListener/RouterListener.php line 143 {"exception":"[object] (Symfony\\Component\\HttpKernel\\Exception\\MethodNotAllowedHttpException(code: 0): No route found for \"OPTIONS /common/notifications\": Method Not Allowed (Allow: POST) at /var/www/html/vendor/symfony/symfony/src/Symfony/Component/HttpKernel/EventListener/RouterListener.php:143, Symfony\\Component\\Routing\\Exception\\MethodNotAllowedException(code: 0):  at /var/www/html/var/cache/prod/appProdProjectContainerUrlMatcher.php:4775)"} []
[2020-11-12 23:28:57] request.ERROR: Uncaught PHP Exception Symfony\Component\HttpKernel\Exception\MethodNotAllowedHttpException: "No route found for "OPTIONS /common/notifications": Method Not Allowed (Allow: POST)" at /var/www/html/vendor/symfony/symfony/src/Symfony/Component/HttpKernel/EventListener/RouterListener.php line 143 {"exception":"[object] (Symfony\\Component\\HttpKernel\\Exception\\MethodNotAllowedHttpException(code: 0): No route found for \"OPTIONS /common/notifications\": Method Not Allowed (Allow: POST) at /var/www/html/vendor/symfony/symfony/src/Symfony/Component/HttpKernel/EventListener/RouterListener.php:143, Symfony\\Component\\Routing\\Exception\\MethodNotAllowedException(code: 0):  at /var/www/html/var/cache/prod/appProdProjectContainerUrlMatcher.php:4775)"} []
